c:\users\pc6\source\repos\polovniautomobili2024\x64\debug\vc143.pdb
c:\users\pc6\source\repos\polovniautomobili2024\x64\debug\vc143.idb
c:\users\pc6\source\repos\polovniautomobili2024\x64\debug\main.obj
c:\users\pc6\source\repos\polovniautomobili2024\x64\debug\izbornikpocetni.obj
c:\users\pc6\source\repos\polovniautomobili2024\x64\debug\izbornikkorisnik.obj
c:\users\pc6\source\repos\polovniautomobili2024\x64\debug\izbornikadmin.obj
c:\users\pc6\source\repos\polovniautomobili2024\x64\debug\funkcije.obj
c:\users\pc6\source\repos\polovniautomobili2024\x64\debug\fnsort.obj
c:\users\pc6\source\repos\polovniautomobili2024\x64\debug\fnkorisnik.obj
c:\users\pc6\source\repos\polovniautomobili2024\x64\debug\fnadmin.obj
c:\users\pc6\source\repos\polovniautomobili2024\x64\debug\polovniautomobili2024.exe
c:\users\pc6\source\repos\polovniautomobili2024\x64\debug\polovniautomobili2024.ilk
c:\users\pc6\source\repos\polovniautomobili2024\x64\debug\polovniautomobili2024.pdb
c:\users\pc6\source\repos\polovniautomobili2024\x64\debug\polovnia.89167308.tlog\cl.command.1.tlog
c:\users\pc6\source\repos\polovniautomobili2024\x64\debug\polovnia.89167308.tlog\cl.items.tlog
c:\users\pc6\source\repos\polovniautomobili2024\x64\debug\polovnia.89167308.tlog\cl.read.1.tlog
c:\users\pc6\source\repos\polovniautomobili2024\x64\debug\polovnia.89167308.tlog\cl.write.1.tlog
c:\users\pc6\source\repos\polovniautomobili2024\x64\debug\polovnia.89167308.tlog\link.command.1.tlog
c:\users\pc6\source\repos\polovniautomobili2024\x64\debug\polovnia.89167308.tlog\link.read.1.tlog
c:\users\pc6\source\repos\polovniautomobili2024\x64\debug\polovnia.89167308.tlog\link.write.1.tlog
